<?xml version="1.0" encoding="UTF-8"?>
<testsuite name="com.example.redisprac.RedisRepositoryTest" tests="1" skipped="0" failures="0" errors="0" timestamp="2022-12-16T16:43:58" hostname="soos-MacBook-Pro.local" time="1.046">
  <properties/>
  <testcase name="test()" classname="com.example.redisprac.RedisRepositoryTest" time="1.046"/>
  <system-out><![CDATA[01:43:55.740 [Test worker] DEBUG org.springframework.test.context.BootstrapUtils - Instantiating CacheAwareContextLoaderDelegate from class [org.springframework.test.context.cache.DefaultCacheAwareContextLoaderDelegate]
01:43:55.754 [Test worker] DEBUG org.springframework.test.context.BootstrapUtils - Instantiating BootstrapContext using constructor [public org.springframework.test.context.support.DefaultBootstrapContext(java.lang.Class,org.springframework.test.context.CacheAwareContextLoaderDelegate)]
01:43:55.795 [Test worker] DEBUG org.springframework.test.context.BootstrapUtils - Instantiating TestContextBootstrapper for test class [com.example.redisprac.RedisRepositoryTest] from class [org.springframework.boot.test.context.SpringBootTestContextBootstrapper]
01:43:55.809 [Test worker] INFO org.springframework.boot.test.context.SpringBootTestContextBootstrapper - Neither @ContextConfiguration nor @ContextHierarchy found for test class [com.example.redisprac.RedisRepositoryTest], using SpringBootContextLoader
01:43:55.814 [Test worker] DEBUG org.springframework.test.context.support.AbstractContextLoader - Did not detect default resource location for test class [com.example.redisprac.RedisRepositoryTest]: class path resource [com/example/redisprac/RedisRepositoryTest-context.xml] does not exist
01:43:55.815 [Test worker] DEBUG org.springframework.test.context.support.AbstractContextLoader - Did not detect default resource location for test class [com.example.redisprac.RedisRepositoryTest]: class path resource [com/example/redisprac/RedisRepositoryTestContext.groovy] does not exist
01:43:55.815 [Test worker] INFO org.springframework.test.context.support.AbstractContextLoader - Could not detect default resource locations for test class [com.example.redisprac.RedisRepositoryTest]: no resource found for suffixes {-context.xml, Context.groovy}.
01:43:55.816 [Test worker] INFO org.springframework.test.context.support.AnnotationConfigContextLoaderUtils - Could not detect default configuration classes for test class [com.example.redisprac.RedisRepositoryTest]: RedisRepositoryTest does not declare any static, non-private, non-final, nested classes annotated with @Configuration.
01:43:55.868 [Test worker] DEBUG org.springframework.test.context.support.ActiveProfilesUtils - Could not find an 'annotation declaring class' for annotation type [org.springframework.test.context.ActiveProfiles] and class [com.example.redisprac.RedisRepositoryTest]
01:43:55.944 [Test worker] DEBUG org.springframework.context.annotation.ClassPathScanningCandidateComponentProvider - Identified candidate component class: file [/Users/SOO/Desktop/Git/RedisPrac/build/classes/java/main/com/example/redisprac/RedisPracApplication.class]
01:43:55.945 [Test worker] INFO org.springframework.boot.test.context.SpringBootTestContextBootstrapper - Found @SpringBootConfiguration com.example.redisprac.RedisPracApplication for test class com.example.redisprac.RedisRepositoryTest
01:43:56.064 [Test worker] DEBUG org.springframework.boot.test.context.SpringBootTestContextBootstrapper - @TestExecutionListeners is not present for class [com.example.redisprac.RedisRepositoryTest]: using defaults.
01:43:56.065 [Test worker] INFO org.springframework.boot.test.context.SpringBootTestContextBootstrapper - Loaded default TestExecutionListener class names from location [META-INF/spring.factories]: [org.springframework.boot.test.autoconfigure.restdocs.RestDocsTestExecutionListener, org.springframework.boot.test.autoconfigure.web.client.MockRestServiceServerResetTestExecutionListener, org.springframework.boot.test.autoconfigure.web.servlet.MockMvcPrintOnlyOnFailureTestExecutionListener, org.springframework.boot.test.autoconfigure.web.servlet.WebDriverTestExecutionListener, org.springframework.boot.test.autoconfigure.webservices.client.MockWebServiceServerTestExecutionListener, org.springframework.boot.test.mock.mockito.MockitoTestExecutionListener, org.springframework.boot.test.mock.mockito.ResetMocksTestExecutionListener, org.springframework.test.context.web.ServletTestExecutionListener, org.springframework.test.context.support.DirtiesContextBeforeModesTestExecutionListener, org.springframework.test.context.event.ApplicationEventsTestExecutionListener, org.springframework.test.context.support.DependencyInjectionTestExecutionListener, org.springframework.test.context.support.DirtiesContextTestExecutionListener, org.springframework.test.context.transaction.TransactionalTestExecutionListener, org.springframework.test.context.jdbc.SqlScriptsTestExecutionListener, org.springframework.test.context.event.EventPublishingTestExecutionListener]
01:43:56.088 [Test worker] DEBUG org.springframework.boot.test.context.SpringBootTestContextBootstrapper - Skipping candidate TestExecutionListener [org.springframework.test.context.web.ServletTestExecutionListener] due to a missing dependency. Specify custom listener classes or make the default listener classes and their required dependencies available. Offending class: [javax/servlet/ServletContext]
01:43:56.098 [Test worker] INFO org.springframework.boot.test.context.SpringBootTestContextBootstrapper - Using TestExecutionListeners: [org.springframework.test.context.support.DirtiesContextBeforeModesTestExecutionListener@3e587920, org.springframework.test.context.event.ApplicationEventsTestExecutionListener@2ef8a8c3, org.springframework.boot.test.mock.mockito.MockitoTestExecutionListener@24f43aa3, org.springframework.boot.test.autoconfigure.SpringBootDependencyInjectionTestExecutionListener@63fd4873, org.springframework.test.context.support.DirtiesContextTestExecutionListener@1e11bc55, org.springframework.test.context.transaction.TransactionalTestExecutionListener@7544a1e4, org.springframework.test.context.jdbc.SqlScriptsTestExecutionListener@70e0accd, org.springframework.test.context.event.EventPublishingTestExecutionListener@7957dc72, org.springframework.boot.test.autoconfigure.restdocs.RestDocsTestExecutionListener@6ab72419, org.springframework.boot.test.autoconfigure.web.client.MockRestServiceServerResetTestExecutionListener@3aacf32a, org.springframework.boot.test.autoconfigure.web.servlet.MockMvcPrintOnlyOnFailureTestExecutionListener@4fdfa676, org.springframework.boot.test.autoconfigure.web.servlet.WebDriverTestExecutionListener@82c57b3, org.springframework.boot.test.autoconfigure.webservices.client.MockWebServiceServerTestExecutionListener@5be82d43, org.springframework.boot.test.mock.mockito.ResetMocksTestExecutionListener@600b0b7]
01:43:56.102 [Test worker] DEBUG org.springframework.test.context.support.AbstractDirtiesContextTestExecutionListener - Before test class: context [DefaultTestContext@372b0d86 testClass = RedisRepositoryTest, testInstance = [null], testMethod = [null], testException = [null], mergedContextConfiguration = [MergedContextConfiguration@47747fb9 testClass = RedisRepositoryTest, locations = '{}', classes = '{class com.example.redisprac.RedisPracApplication}', contextInitializerClasses = '[]', activeProfiles = '{}', propertySourceLocations = '{}', propertySourceProperties = '{org.springframework.boot.test.context.SpringBootTestContextBootstrapper=true}', contextCustomizers = set[org.springframework.boot.test.autoconfigure.actuate.metrics.MetricsExportContextCustomizerFactory$DisableMetricExportContextCustomizer@7ec3394b, org.springframework.boot.test.autoconfigure.properties.PropertyMappingContextCustomizer@0, org.springframework.boot.test.autoconfigure.web.servlet.WebDriverContextCustomizerFactory$Customizer@1c6804cd, org.springframework.boot.test.context.filter.ExcludeFilterContextCustomizer@3eeb318f, org.springframework.boot.test.json.DuplicateJsonObjectContextCustomizerFactory$DuplicateJsonObjectContextCustomizer@20f12539, org.springframework.boot.test.mock.mockito.MockitoContextCustomizer@0, org.springframework.boot.test.web.client.TestRestTemplateContextCustomizer@478ee483, org.springframework.boot.test.context.SpringBootTestArgs@1, org.springframework.boot.test.context.SpringBootTestWebEnvironment@17503f6b], contextLoader = 'org.springframework.boot.test.context.SpringBootContextLoader', parent = [null]], attributes = map[[empty]]], class annotated with @DirtiesContext [false] with mode [null].
01:43:56.114 [Test worker] DEBUG org.springframework.test.context.support.DependencyInjectionTestExecutionListener - Performing dependency injection for test context [[DefaultTestContext@372b0d86 testClass = RedisRepositoryTest, testInstance = com.example.redisprac.RedisRepositoryTest@1b39fd82, testMethod = [null], testException = [null], mergedContextConfiguration = [MergedContextConfiguration@47747fb9 testClass = RedisRepositoryTest, locations = '{}', classes = '{class com.example.redisprac.RedisPracApplication}', contextInitializerClasses = '[]', activeProfiles = '{}', propertySourceLocations = '{}', propertySourceProperties = '{org.springframework.boot.test.context.SpringBootTestContextBootstrapper=true}', contextCustomizers = set[org.springframework.boot.test.autoconfigure.actuate.metrics.MetricsExportContextCustomizerFactory$DisableMetricExportContextCustomizer@7ec3394b, org.springframework.boot.test.autoconfigure.properties.PropertyMappingContextCustomizer@0, org.springframework.boot.test.autoconfigure.web.servlet.WebDriverContextCustomizerFactory$Customizer@1c6804cd, org.springframework.boot.test.context.filter.ExcludeFilterContextCustomizer@3eeb318f, org.springframework.boot.test.json.DuplicateJsonObjectContextCustomizerFactory$DuplicateJsonObjectContextCustomizer@20f12539, org.springframework.boot.test.mock.mockito.MockitoContextCustomizer@0, org.springframework.boot.test.web.client.TestRestTemplateContextCustomizer@478ee483, org.springframework.boot.test.context.SpringBootTestArgs@1, org.springframework.boot.test.context.SpringBootTestWebEnvironment@17503f6b], contextLoader = 'org.springframework.boot.test.context.SpringBootContextLoader', parent = [null]], attributes = map['org.springframework.test.context.event.ApplicationEventsTestExecutionListener.recordApplicationEvents' -> false]]].

  .   ____          _            __ _ _
 /\\ / ___'_ __ _ _(_)_ __  __ _ \ \ \ \
( ( )\___ | '_ | '_| | '_ \/ _` | \ \ \ \
 \\/  ___)| |_)| | | | | || (_| |  ) ) ) )
  '  |____| .__|_| |_|_| |_\__, | / / / /
 =========|_|==============|___/=/_/_/_/
 :: Spring Boot ::                (v2.7.6)

2022-12-17 01:43:56.725  INFO 19208 --- [    Test worker] c.example.redisprac.RedisRepositoryTest  : Starting RedisRepositoryTest using Java 11.0.16.1 on soos-MacBook-Pro.local with PID 19208 (started by SOO in /Users/SOO/Desktop/Git/RedisPrac)
2022-12-17 01:43:56.726  INFO 19208 --- [    Test worker] c.example.redisprac.RedisRepositoryTest  : The following 1 profile is active: "local"
2022-12-17 01:43:57.156  INFO 19208 --- [    Test worker] .s.d.r.c.RepositoryConfigurationDelegate : Multiple Spring Data modules found, entering strict repository configuration mode
2022-12-17 01:43:57.160  INFO 19208 --- [    Test worker] .s.d.r.c.RepositoryConfigurationDelegate : Bootstrapping Spring Data Redis repositories in DEFAULT mode.
2022-12-17 01:43:57.420  INFO 19208 --- [    Test worker] .s.d.r.c.RepositoryConfigurationDelegate : Finished Spring Data repository scanning in 238 ms. Found 1 Redis repository interfaces.
2022-12-17 01:43:58.344  INFO 19208 --- [    Test worker] c.example.redisprac.RedisRepositoryTest  : Started RedisRepositoryTest in 2.198 seconds (JVM running for 3.601)
]]></system-out>
  <system-err><![CDATA[]]></system-err>
</testsuite>
